[2016-02-01 16:00:52.338] [FATAL] euromillones - [TypeError: val.replace is not a function]
TypeError: val.replace is not a function
    at Object.SqlString.escape (/home/ubuntu/workspace/node_modules/sequelize/lib/sql-string.js:61:15)
    at Object.QueryGenerator.escape (/home/ubuntu/workspace/node_modules/sequelize/lib/dialects/abstract/query-generator.js:983:22)
    at Object.QueryGenerator.whereItemQuery (/home/ubuntu/workspace/node_modules/sequelize/lib/dialects/abstract/query-generator.js:2228:22)
    at /home/ubuntu/workspace/node_modules/sequelize/lib/dialects/abstract/query-generator.js:1875:25
    at /home/ubuntu/workspace/node_modules/sequelize/node_modules/lodash/index.js:3073:15
    at baseForOwn (/home/ubuntu/workspace/node_modules/sequelize/node_modules/lodash/index.js:2046:14)
    at Function.result (/home/ubuntu/workspace/node_modules/sequelize/node_modules/lodash/index.js:3378:16)
    at Object.QueryGenerator.whereItemsQuery (/home/ubuntu/workspace/node_modules/sequelize/lib/dialects/abstract/query-generator.js:1874:9)
    at Object.QueryGenerator.getWhereConditions (/home/ubuntu/workspace/node_modules/sequelize/lib/dialects/abstract/query-generator.js:2288:19)
    at Object.QueryGenerator.selectQuery (/home/ubuntu/workspace/node_modules/sequelize/lib/dialects/abstract/query-generator.js:1464:28)
    at QueryInterface.select (/home/ubuntu/workspace/node_modules/sequelize/lib/query-interface.js:657:25)
    at null.<anonymous> (/home/ubuntu/workspace/node_modules/sequelize/lib/model.js:1373:32)
    at tryCatcher (/home/ubuntu/workspace/node_modules/sequelize/node_modules/bluebird/js/release/util.js:11:23)
    at Promise.module.exports.Promise._settlePromiseFromHandler (/home/ubuntu/workspace/node_modules/sequelize/node_modules/bluebird/js/release/promise.js:489:31)
    at Promise.module.exports.Promise._settlePromise (/home/ubuntu/workspace/node_modules/sequelize/node_modules/bluebird/js/release/promise.js:546:18)
    at Promise.module.exports.Promise._settlePromise0 (/home/ubuntu/workspace/node_modules/sequelize/node_modules/bluebird/js/release/promise.js:591:10)
[2016-02-01 16:18:12.460] [FATAL] euromillones - [TypeError: val.replace is not a function]
TypeError: val.replace is not a function
    at Object.SqlString.escape (/home/ubuntu/workspace/node_modules/sequelize/lib/sql-string.js:61:15)
    at Object.QueryGenerator.escape (/home/ubuntu/workspace/node_modules/sequelize/lib/dialects/abstract/query-generator.js:983:22)
    at Object.QueryGenerator.whereItemQuery (/home/ubuntu/workspace/node_modules/sequelize/lib/dialects/abstract/query-generator.js:2228:22)
    at /home/ubuntu/workspace/node_modules/sequelize/lib/dialects/abstract/query-generator.js:1875:25
    at /home/ubuntu/workspace/node_modules/sequelize/node_modules/lodash/index.js:3073:15
    at baseForOwn (/home/ubuntu/workspace/node_modules/sequelize/node_modules/lodash/index.js:2046:14)
    at Function.result (/home/ubuntu/workspace/node_modules/sequelize/node_modules/lodash/index.js:3378:16)
    at Object.QueryGenerator.whereItemsQuery (/home/ubuntu/workspace/node_modules/sequelize/lib/dialects/abstract/query-generator.js:1874:9)
    at Object.QueryGenerator.getWhereConditions (/home/ubuntu/workspace/node_modules/sequelize/lib/dialects/abstract/query-generator.js:2288:19)
    at Object.QueryGenerator.selectQuery (/home/ubuntu/workspace/node_modules/sequelize/lib/dialects/abstract/query-generator.js:1464:28)
    at QueryInterface.select (/home/ubuntu/workspace/node_modules/sequelize/lib/query-interface.js:657:25)
    at null.<anonymous> (/home/ubuntu/workspace/node_modules/sequelize/lib/model.js:1373:32)
    at tryCatcher (/home/ubuntu/workspace/node_modules/sequelize/node_modules/bluebird/js/release/util.js:11:23)
    at Promise.module.exports.Promise._settlePromiseFromHandler (/home/ubuntu/workspace/node_modules/sequelize/node_modules/bluebird/js/release/promise.js:489:31)
    at Promise.module.exports.Promise._settlePromise (/home/ubuntu/workspace/node_modules/sequelize/node_modules/bluebird/js/release/promise.js:546:18)
    at Promise.module.exports.Promise._settlePromise0 (/home/ubuntu/workspace/node_modules/sequelize/node_modules/bluebird/js/release/promise.js:591:10)
[2016-02-05 09:29:09.545] [FATAL] euromillones - [TypeError: Cannot read property 'find' of undefined]
TypeError: Cannot read property 'find' of undefined
    at Object.exports.Update (/home/ubuntu/workspace/app/utils/utils.js:35:18)
    at exports.RolUpdate (/home/ubuntu/workspace/app/controllers/controller_tipos.js:23:11)
    at callbacks (/home/ubuntu/workspace/node_modules/express/lib/router/index.js:161:37)
    at param (/home/ubuntu/workspace/node_modules/express/lib/router/index.js:135:11)
    at param (/home/ubuntu/workspace/node_modules/express/lib/router/index.js:132:11)
    at pass (/home/ubuntu/workspace/node_modules/express/lib/router/index.js:142:5)
    at Router._dispatch (/home/ubuntu/workspace/node_modules/express/lib/router/index.js:170:5)
    at Object.router (/home/ubuntu/workspace/node_modules/express/lib/router/index.js:33:10)
    at next (/home/ubuntu/workspace/node_modules/express/node_modules/connect/lib/proto.js:190:15)
    at Object.expressInit [as handle] (/home/ubuntu/workspace/node_modules/express/lib/middleware.js:31:5)
    at next (/home/ubuntu/workspace/node_modules/express/node_modules/connect/lib/proto.js:190:15)
    at Object.query [as handle] (/home/ubuntu/workspace/node_modules/express/node_modules/connect/lib/middleware/query.js:44:5)
    at next (/home/ubuntu/workspace/node_modules/express/node_modules/connect/lib/proto.js:190:15)
    at Function.app.handle (/home/ubuntu/workspace/node_modules/express/node_modules/connect/lib/proto.js:198:3)
    at Object.app.use.fn [as handle] (/home/ubuntu/workspace/node_modules/express/lib/application.js:119:11)
    at next (/home/ubuntu/workspace/node_modules/express/node_modules/connect/lib/proto.js:190:15)
[2016-02-05 09:33:03.046] [FATAL] euromillones - [TypeError: Cannot read property 'findAll' of undefined]
TypeError: Cannot read property 'findAll' of undefined
    at Object.exports.GetData (/home/ubuntu/workspace/app/utils/utils.js:72:14)
    at exports.getRolesAll (/home/ubuntu/workspace/app/controllers/controller_tipos.js:11:15)
    at callbacks (/home/ubuntu/workspace/node_modules/express/lib/router/index.js:161:37)
    at param (/home/ubuntu/workspace/node_modules/express/lib/router/index.js:135:11)
    at pass (/home/ubuntu/workspace/node_modules/express/lib/router/index.js:142:5)
    at Router._dispatch (/home/ubuntu/workspace/node_modules/express/lib/router/index.js:170:5)
    at Object.router (/home/ubuntu/workspace/node_modules/express/lib/router/index.js:33:10)
    at next (/home/ubuntu/workspace/node_modules/express/node_modules/connect/lib/proto.js:190:15)
    at Object.expressInit [as handle] (/home/ubuntu/workspace/node_modules/express/lib/middleware.js:31:5)
    at next (/home/ubuntu/workspace/node_modules/express/node_modules/connect/lib/proto.js:190:15)
    at Object.query [as handle] (/home/ubuntu/workspace/node_modules/express/node_modules/connect/lib/middleware/query.js:44:5)
    at next (/home/ubuntu/workspace/node_modules/express/node_modules/connect/lib/proto.js:190:15)
    at Function.app.handle (/home/ubuntu/workspace/node_modules/express/node_modules/connect/lib/proto.js:198:3)
    at Object.app.use.fn [as handle] (/home/ubuntu/workspace/node_modules/express/lib/application.js:119:11)
    at next (/home/ubuntu/workspace/node_modules/express/node_modules/connect/lib/proto.js:190:15)
    at pass (/home/ubuntu/workspace/node_modules/express/lib/router/index.js:107:24)
[2016-02-05 09:34:38.001] [FATAL] euromillones - [TypeError: Cannot read property 'findAll' of undefined]
TypeError: Cannot read property 'findAll' of undefined
    at Object.exports.GetData (/home/ubuntu/workspace/app/utils/utils.js:72:14)
    at exports.getRolesAll (/home/ubuntu/workspace/app/controllers/controller_tipos.js:11:15)
    at callbacks (/home/ubuntu/workspace/node_modules/express/lib/router/index.js:161:37)
    at param (/home/ubuntu/workspace/node_modules/express/lib/router/index.js:135:11)
    at pass (/home/ubuntu/workspace/node_modules/express/lib/router/index.js:142:5)
    at Router._dispatch (/home/ubuntu/workspace/node_modules/express/lib/router/index.js:170:5)
    at Object.router (/home/ubuntu/workspace/node_modules/express/lib/router/index.js:33:10)
    at next (/home/ubuntu/workspace/node_modules/express/node_modules/connect/lib/proto.js:190:15)
    at Object.expressInit [as handle] (/home/ubuntu/workspace/node_modules/express/lib/middleware.js:31:5)
    at next (/home/ubuntu/workspace/node_modules/express/node_modules/connect/lib/proto.js:190:15)
    at Object.query [as handle] (/home/ubuntu/workspace/node_modules/express/node_modules/connect/lib/middleware/query.js:44:5)
    at next (/home/ubuntu/workspace/node_modules/express/node_modules/connect/lib/proto.js:190:15)
    at Function.app.handle (/home/ubuntu/workspace/node_modules/express/node_modules/connect/lib/proto.js:198:3)
    at Object.app.use.fn [as handle] (/home/ubuntu/workspace/node_modules/express/lib/application.js:119:11)
    at next (/home/ubuntu/workspace/node_modules/express/node_modules/connect/lib/proto.js:190:15)
    at pass (/home/ubuntu/workspace/node_modules/express/lib/router/index.js:107:24)
[2016-02-05 09:34:53.453] [FATAL] euromillones - [TypeError: Cannot read property 'findAll' of undefined]
TypeError: Cannot read property 'findAll' of undefined
    at Object.exports.GetData (/home/ubuntu/workspace/app/utils/utils.js:72:14)
    at exports.getRolesAll (/home/ubuntu/workspace/app/controllers/controller_tipos.js:11:15)
    at callbacks (/home/ubuntu/workspace/node_modules/express/lib/router/index.js:161:37)
    at param (/home/ubuntu/workspace/node_modules/express/lib/router/index.js:135:11)
    at pass (/home/ubuntu/workspace/node_modules/express/lib/router/index.js:142:5)
    at Router._dispatch (/home/ubuntu/workspace/node_modules/express/lib/router/index.js:170:5)
    at Object.router (/home/ubuntu/workspace/node_modules/express/lib/router/index.js:33:10)
    at next (/home/ubuntu/workspace/node_modules/express/node_modules/connect/lib/proto.js:190:15)
    at Object.expressInit [as handle] (/home/ubuntu/workspace/node_modules/express/lib/middleware.js:31:5)
    at next (/home/ubuntu/workspace/node_modules/express/node_modules/connect/lib/proto.js:190:15)
    at Object.query [as handle] (/home/ubuntu/workspace/node_modules/express/node_modules/connect/lib/middleware/query.js:44:5)
    at next (/home/ubuntu/workspace/node_modules/express/node_modules/connect/lib/proto.js:190:15)
    at Function.app.handle (/home/ubuntu/workspace/node_modules/express/node_modules/connect/lib/proto.js:198:3)
    at Object.app.use.fn [as handle] (/home/ubuntu/workspace/node_modules/express/lib/application.js:119:11)
    at next (/home/ubuntu/workspace/node_modules/express/node_modules/connect/lib/proto.js:190:15)
    at pass (/home/ubuntu/workspace/node_modules/express/lib/router/index.js:107:24)
